[6.650s] DEBUG:colcon:Command line arguments: ['/usr/bin/colcon', 'build']
[6.650s] DEBUG:colcon:Parsed command line arguments: Namespace(log_base=None, log_level=None, verb_name='build', build_base='build', install_base='install', merge_install=False, symlink_install=False, test_result_base=None, continue_on_error=False, executor='parallel', parallel_workers=8, event_handlers=None, ignore_user_meta=False, metas=['./colcon.meta'], base_paths=['.'], packages_ignore=None, packages_ignore_regex=None, paths=None, packages_up_to=None, packages_up_to_regex=None, packages_above=None, packages_above_and_dependencies=None, packages_above_depth=None, packages_select_by_dep=None, packages_skip_by_dep=None, packages_skip_up_to=None, packages_select_build_failed=False, packages_skip_build_finished=False, packages_select_test_failures=False, packages_skip_test_passed=False, packages_select=None, packages_skip=None, packages_select_regex=None, packages_skip_regex=None, packages_start=None, packages_end=None, allow_overriding=[], cmake_args=None, cmake_target=None, cmake_target_skip_unavailable=False, cmake_clean_cache=False, cmake_clean_first=False, cmake_force_configure=False, ament_cmake_args=None, catkin_cmake_args=None, catkin_skip_building_tests=False, verb_parser=<colcon_defaults.argument_parser.defaults.DefaultArgumentsDecorator object at 0x70281f816600>, verb_extension=<colcon_core.verb.build.BuildVerb object at 0x70281f993380>, main=<bound method BuildVerb.main of <colcon_core.verb.build.BuildVerb object at 0x70281f993380>>)
[9.326s] Level 1:colcon.colcon_core.package_discovery:discover_packages(colcon_meta) check parameters
[9.326s] Level 1:colcon.colcon_core.package_discovery:discover_packages(recursive) check parameters
[9.326s] Level 1:colcon.colcon_core.package_discovery:discover_packages(ignore) check parameters
[9.326s] Level 1:colcon.colcon_core.package_discovery:discover_packages(path) check parameters
[9.326s] Level 1:colcon.colcon_core.package_discovery:discover_packages(colcon_meta) discover
[9.326s] Level 1:colcon.colcon_core.package_discovery:discover_packages(recursive) discover
[9.326s] INFO:colcon.colcon_core.package_discovery:Crawling recursively for packages in '/home/cheriet/tbot3_ws'
[9.327s] Level 1:colcon.colcon_core.package_identification:_identify(.) by extensions ['ignore', 'ignore_ament_install']
[9.327s] Level 1:colcon.colcon_core.package_identification:_identify(.) by extension 'ignore'
[9.327s] Level 1:colcon.colcon_core.package_identification:_identify(.) by extension 'ignore_ament_install'
[9.327s] Level 1:colcon.colcon_core.package_identification:_identify(.) by extensions ['colcon_pkg']
[9.327s] Level 1:colcon.colcon_core.package_identification:_identify(.) by extension 'colcon_pkg'
[9.327s] Level 1:colcon.colcon_core.package_identification:_identify(.) by extensions ['colcon_meta']
[9.328s] Level 1:colcon.colcon_core.package_identification:_identify(.) by extension 'colcon_meta'
[9.328s] Level 1:colcon.colcon_core.package_identification:_identify(.) by extensions ['ros']
[9.328s] Level 1:colcon.colcon_core.package_identification:_identify(.) by extension 'ros'
[9.373s] Level 1:colcon.colcon_core.package_identification:_identify(.) by extensions ['cmake', 'python']
[9.373s] Level 1:colcon.colcon_core.package_identification:_identify(.) by extension 'cmake'
[9.373s] Level 1:colcon.colcon_core.package_identification:_identify(.) by extension 'python'
[9.373s] Level 1:colcon.colcon_core.package_identification:_identify(.) by extensions ['python_setup_py']
[9.373s] Level 1:colcon.colcon_core.package_identification:_identify(.) by extension 'python_setup_py'
[9.373s] Level 1:colcon.colcon_core.package_identification:_identify(build) by extensions ['ignore', 'ignore_ament_install']
[9.373s] Level 1:colcon.colcon_core.package_identification:_identify(build) by extension 'ignore'
[9.373s] Level 1:colcon.colcon_core.package_identification:_identify(build) ignored
[9.374s] Level 1:colcon.colcon_core.package_identification:_identify(install) by extensions ['ignore', 'ignore_ament_install']
[9.374s] Level 1:colcon.colcon_core.package_identification:_identify(install) by extension 'ignore'
[9.374s] Level 1:colcon.colcon_core.package_identification:_identify(install) ignored
[9.374s] Level 1:colcon.colcon_core.package_identification:_identify(log) by extensions ['ignore', 'ignore_ament_install']
[9.374s] Level 1:colcon.colcon_core.package_identification:_identify(log) by extension 'ignore'
[9.374s] Level 1:colcon.colcon_core.package_identification:_identify(log) ignored
[9.374s] Level 1:colcon.colcon_core.package_identification:_identify(src) by extensions ['ignore', 'ignore_ament_install']
[9.374s] Level 1:colcon.colcon_core.package_identification:_identify(src) by extension 'ignore'
[9.374s] Level 1:colcon.colcon_core.package_identification:_identify(src) by extension 'ignore_ament_install'
[9.375s] Level 1:colcon.colcon_core.package_identification:_identify(src) by extensions ['colcon_pkg']
[9.375s] Level 1:colcon.colcon_core.package_identification:_identify(src) by extension 'colcon_pkg'
[9.375s] Level 1:colcon.colcon_core.package_identification:_identify(src) by extensions ['colcon_meta']
[9.375s] Level 1:colcon.colcon_core.package_identification:_identify(src) by extension 'colcon_meta'
[9.375s] Level 1:colcon.colcon_core.package_identification:_identify(src) by extensions ['ros']
[9.375s] Level 1:colcon.colcon_core.package_identification:_identify(src) by extension 'ros'
[9.375s] Level 1:colcon.colcon_core.package_identification:_identify(src) by extensions ['cmake', 'python']
[9.375s] Level 1:colcon.colcon_core.package_identification:_identify(src) by extension 'cmake'
[9.375s] Level 1:colcon.colcon_core.package_identification:_identify(src) by extension 'python'
[9.375s] Level 1:colcon.colcon_core.package_identification:_identify(src) by extensions ['python_setup_py']
[9.375s] Level 1:colcon.colcon_core.package_identification:_identify(src) by extension 'python_setup_py'
[9.375s] Level 1:colcon.colcon_core.package_identification:_identify(src/tbot3_nav_monitor) by extensions ['ignore', 'ignore_ament_install']
[9.376s] Level 1:colcon.colcon_core.package_identification:_identify(src/tbot3_nav_monitor) by extension 'ignore'
[9.376s] Level 1:colcon.colcon_core.package_identification:_identify(src/tbot3_nav_monitor) by extension 'ignore_ament_install'
[9.376s] Level 1:colcon.colcon_core.package_identification:_identify(src/tbot3_nav_monitor) by extensions ['colcon_pkg']
[9.376s] Level 1:colcon.colcon_core.package_identification:_identify(src/tbot3_nav_monitor) by extension 'colcon_pkg'
[9.376s] Level 1:colcon.colcon_core.package_identification:_identify(src/tbot3_nav_monitor) by extensions ['colcon_meta']
[9.376s] Level 1:colcon.colcon_core.package_identification:_identify(src/tbot3_nav_monitor) by extension 'colcon_meta'
[9.376s] Level 1:colcon.colcon_core.package_identification:_identify(src/tbot3_nav_monitor) by extensions ['ros']
[9.376s] Level 1:colcon.colcon_core.package_identification:_identify(src/tbot3_nav_monitor) by extension 'ros'
[9.514s] DEBUG:colcon.colcon_core.package_identification:Package 'src/tbot3_nav_monitor' with type 'ros.ament_python' and name 'tbot3_nav_monitor'
[9.514s] Level 1:colcon.colcon_core.package_discovery:discover_packages(recursive) using defaults
[9.515s] Level 1:colcon.colcon_core.package_discovery:discover_packages(ignore) discover
[9.515s] Level 1:colcon.colcon_core.package_discovery:discover_packages(ignore) using defaults
[9.515s] Level 1:colcon.colcon_core.package_discovery:discover_packages(path) discover
[9.515s] Level 1:colcon.colcon_core.package_discovery:discover_packages(path) using defaults
[10.954s] Level 1:colcon.colcon_core.package_discovery:discover_packages(prefix_path) check parameters
[10.954s] Level 1:colcon.colcon_core.package_discovery:discover_packages(prefix_path) discover
[11.168s] DEBUG:colcon.colcon_installed_package_information.package_discovery:Found 3 installed packages in /home/cheriet/ros2_ws/install
[11.179s] DEBUG:colcon.colcon_installed_package_information.package_discovery:Found 390 installed packages in /opt/ros/jazzy
[11.188s] Level 1:colcon.colcon_core.package_discovery:discover_packages(prefix_path) using defaults
[11.520s] Level 5:colcon.colcon_core.verb:set package 'tbot3_nav_monitor' build argument 'cmake_args' from command line to 'None'
[11.521s] Level 5:colcon.colcon_core.verb:set package 'tbot3_nav_monitor' build argument 'cmake_target' from command line to 'None'
[11.521s] Level 5:colcon.colcon_core.verb:set package 'tbot3_nav_monitor' build argument 'cmake_target_skip_unavailable' from command line to 'False'
[11.521s] Level 5:colcon.colcon_core.verb:set package 'tbot3_nav_monitor' build argument 'cmake_clean_cache' from command line to 'False'
[11.521s] Level 5:colcon.colcon_core.verb:set package 'tbot3_nav_monitor' build argument 'cmake_clean_first' from command line to 'False'
[11.521s] Level 5:colcon.colcon_core.verb:set package 'tbot3_nav_monitor' build argument 'cmake_force_configure' from command line to 'False'
[11.521s] Level 5:colcon.colcon_core.verb:set package 'tbot3_nav_monitor' build argument 'ament_cmake_args' from command line to 'None'
[11.521s] Level 5:colcon.colcon_core.verb:set package 'tbot3_nav_monitor' build argument 'catkin_cmake_args' from command line to 'None'
[11.521s] Level 5:colcon.colcon_core.verb:set package 'tbot3_nav_monitor' build argument 'catkin_skip_building_tests' from command line to 'False'
[11.521s] DEBUG:colcon.colcon_core.verb:Building package 'tbot3_nav_monitor' with the following arguments: {'ament_cmake_args': None, 'build_base': '/home/cheriet/tbot3_ws/build/tbot3_nav_monitor', 'catkin_cmake_args': None, 'catkin_skip_building_tests': False, 'cmake_args': None, 'cmake_clean_cache': False, 'cmake_clean_first': False, 'cmake_force_configure': False, 'cmake_target': None, 'cmake_target_skip_unavailable': False, 'install_base': '/home/cheriet/tbot3_ws/install/tbot3_nav_monitor', 'merge_install': False, 'path': '/home/cheriet/tbot3_ws/src/tbot3_nav_monitor', 'symlink_install': False, 'test_result_base': None}
[11.521s] INFO:colcon.colcon_core.executor:Executing jobs using 'parallel' executor
[11.522s] DEBUG:colcon.colcon_parallel_executor.executor.parallel:run_until_complete
[11.522s] INFO:colcon.colcon_ros.task.ament_python.build:Building ROS package in '/home/cheriet/tbot3_ws/src/tbot3_nav_monitor' with build type 'ament_python'
[11.522s] Level 1:colcon.colcon_core.shell:create_environment_hook('tbot3_nav_monitor', 'ament_prefix_path')
[11.818s] INFO:colcon.colcon_core.plugin_system:Skipping extension 'colcon_core.shell.bat': Not used on non-Windows systems
[11.819s] INFO:colcon.colcon_core.shell:Creating environment hook '/home/cheriet/tbot3_ws/install/tbot3_nav_monitor/share/tbot3_nav_monitor/hook/ament_prefix_path.ps1'
[11.861s] INFO:colcon.colcon_core.shell:Creating environment descriptor '/home/cheriet/tbot3_ws/install/tbot3_nav_monitor/share/tbot3_nav_monitor/hook/ament_prefix_path.dsv'
[11.912s] INFO:colcon.colcon_core.shell:Creating environment hook '/home/cheriet/tbot3_ws/install/tbot3_nav_monitor/share/tbot3_nav_monitor/hook/ament_prefix_path.sh'
[11.943s] INFO:colcon.colcon_core.shell:Skip shell extension 'powershell' for command environment: Not usable outside of PowerShell
[11.943s] DEBUG:colcon.colcon_core.shell:Skip shell extension 'dsv' for command environment
[12.560s] INFO:colcon.colcon_core.task.python.build:Building Python package in '/home/cheriet/tbot3_ws/src/tbot3_nav_monitor'
[12.560s] INFO:colcon.colcon_core.shell:Skip shell extension 'powershell' for command environment: Not usable outside of PowerShell
[12.560s] DEBUG:colcon.colcon_core.shell:Skip shell extension 'dsv' for command environment
[36.024s] DEBUG:colcon.colcon_core.event_handler.log_command:Invoking command in '/home/cheriet/tbot3_ws/src/tbot3_nav_monitor': DEBUGINFOD_URLS=https://debuginfod.ubuntu.com PYTHONPATH=/home/cheriet/tbot3_ws/build/tbot3_nav_monitor/prefix_override:/usr/lib/python3/dist-packages/colcon_core/task/python/colcon_distutils_commands:/home/cheriet/tbot3_ws/install/tbot3_nav_monitor/lib/python3.12/site-packages:${PYTHONPATH} /usr/bin/python3 -W ignore:setup.py install is deprecated -W ignore:easy_install command is deprecated setup.py egg_info --egg-base ../../build/tbot3_nav_monitor build --build-base /home/cheriet/tbot3_ws/build/tbot3_nav_monitor/build install --record /home/cheriet/tbot3_ws/build/tbot3_nav_monitor/install.log --single-version-externally-managed install_data
[36.960s] DEBUG:colcon.colcon_core.event_handler.log_command:Invoked command in '/home/cheriet/tbot3_ws/src/tbot3_nav_monitor' returned '0': DEBUGINFOD_URLS=https://debuginfod.ubuntu.com PYTHONPATH=/home/cheriet/tbot3_ws/build/tbot3_nav_monitor/prefix_override:/usr/lib/python3/dist-packages/colcon_core/task/python/colcon_distutils_commands:/home/cheriet/tbot3_ws/install/tbot3_nav_monitor/lib/python3.12/site-packages:${PYTHONPATH} /usr/bin/python3 -W ignore:setup.py install is deprecated -W ignore:easy_install command is deprecated setup.py egg_info --egg-base ../../build/tbot3_nav_monitor build --build-base /home/cheriet/tbot3_ws/build/tbot3_nav_monitor/build install --record /home/cheriet/tbot3_ws/build/tbot3_nav_monitor/install.log --single-version-externally-managed install_data
[37.500s] Level 1:colcon.colcon_core.environment:checking '/home/cheriet/tbot3_ws/install/tbot3_nav_monitor' for CMake module files
[37.502s] Level 1:colcon.colcon_core.environment:checking '/home/cheriet/tbot3_ws/install/tbot3_nav_monitor' for CMake config files
[37.505s] Level 1:colcon.colcon_core.environment:checking '/home/cheriet/tbot3_ws/install/tbot3_nav_monitor/lib'
[37.506s] Level 1:colcon.colcon_core.environment:checking '/home/cheriet/tbot3_ws/install/tbot3_nav_monitor/bin'
[37.506s] Level 1:colcon.colcon_core.environment:checking '/home/cheriet/tbot3_ws/install/tbot3_nav_monitor/lib/pkgconfig/tbot3_nav_monitor.pc'
[37.507s] Level 1:colcon.colcon_core.environment:checking '/home/cheriet/tbot3_ws/install/tbot3_nav_monitor/lib/python3.12/site-packages'
[37.508s] Level 1:colcon.colcon_core.shell:create_environment_hook('tbot3_nav_monitor', 'pythonpath')
[37.509s] INFO:colcon.colcon_core.shell:Creating environment hook '/home/cheriet/tbot3_ws/install/tbot3_nav_monitor/share/tbot3_nav_monitor/hook/pythonpath.ps1'
[37.512s] INFO:colcon.colcon_core.shell:Creating environment descriptor '/home/cheriet/tbot3_ws/install/tbot3_nav_monitor/share/tbot3_nav_monitor/hook/pythonpath.dsv'
[37.513s] INFO:colcon.colcon_core.shell:Creating environment hook '/home/cheriet/tbot3_ws/install/tbot3_nav_monitor/share/tbot3_nav_monitor/hook/pythonpath.sh'
[37.517s] Level 1:colcon.colcon_core.environment:checking '/home/cheriet/tbot3_ws/install/tbot3_nav_monitor/bin'
[37.517s] Level 1:colcon.colcon_core.environment:create_environment_scripts_only(tbot3_nav_monitor)
[37.518s] INFO:colcon.colcon_core.shell:Creating package script '/home/cheriet/tbot3_ws/install/tbot3_nav_monitor/share/tbot3_nav_monitor/package.ps1'
[37.542s] INFO:colcon.colcon_core.shell:Creating package descriptor '/home/cheriet/tbot3_ws/install/tbot3_nav_monitor/share/tbot3_nav_monitor/package.dsv'
[37.569s] INFO:colcon.colcon_core.shell:Creating package script '/home/cheriet/tbot3_ws/install/tbot3_nav_monitor/share/tbot3_nav_monitor/package.sh'
[37.612s] INFO:colcon.colcon_core.shell:Creating package script '/home/cheriet/tbot3_ws/install/tbot3_nav_monitor/share/tbot3_nav_monitor/package.bash'
[37.644s] INFO:colcon.colcon_core.shell:Creating package script '/home/cheriet/tbot3_ws/install/tbot3_nav_monitor/share/tbot3_nav_monitor/package.zsh'
[37.708s] Level 1:colcon.colcon_core.environment:create_file_with_runtime_dependencies(/home/cheriet/tbot3_ws/install/tbot3_nav_monitor/share/colcon-core/packages/tbot3_nav_monitor)
[37.709s] DEBUG:colcon.colcon_parallel_executor.executor.parallel:closing loop
[37.709s] DEBUG:colcon.colcon_parallel_executor.executor.parallel:loop closed
[37.710s] DEBUG:colcon.colcon_parallel_executor.executor.parallel:run_until_complete finished with '0'
[37.710s] DEBUG:colcon.colcon_core.event_reactor:joining thread
[37.952s] INFO:colcon.colcon_core.plugin_system:Skipping extension 'colcon_notification.desktop_notification.terminal_notifier': Not used on non-Darwin systems
[37.952s] INFO:colcon.colcon_core.plugin_system:Skipping extension 'colcon_notification.desktop_notification.win32': Not used on non-Windows systems
[37.952s] INFO:colcon.colcon_notification.desktop_notification:Sending desktop notification using 'notify2'
[37.971s] DEBUG:colcon.colcon_core.event_reactor:joined thread
[37.971s] INFO:colcon.colcon_core.shell:Creating prefix script '/home/cheriet/tbot3_ws/install/local_setup.ps1'
[38.020s] INFO:colcon.colcon_core.shell:Creating prefix util module '/home/cheriet/tbot3_ws/install/_local_setup_util_ps1.py'
[38.108s] INFO:colcon.colcon_core.shell:Creating prefix chain script '/home/cheriet/tbot3_ws/install/setup.ps1'
[38.121s] INFO:colcon.colcon_core.shell:Creating prefix script '/home/cheriet/tbot3_ws/install/local_setup.sh'
[38.154s] INFO:colcon.colcon_core.shell:Creating prefix util module '/home/cheriet/tbot3_ws/install/_local_setup_util_sh.py'
[38.158s] INFO:colcon.colcon_core.shell:Creating prefix chain script '/home/cheriet/tbot3_ws/install/setup.sh'
[38.167s] INFO:colcon.colcon_core.shell:Creating prefix script '/home/cheriet/tbot3_ws/install/local_setup.bash'
[38.176s] INFO:colcon.colcon_core.shell:Creating prefix chain script '/home/cheriet/tbot3_ws/install/setup.bash'
[38.187s] INFO:colcon.colcon_core.shell:Creating prefix script '/home/cheriet/tbot3_ws/install/local_setup.zsh'
[38.244s] INFO:colcon.colcon_core.shell:Creating prefix chain script '/home/cheriet/tbot3_ws/install/setup.zsh'
