[3.540s] Invoking command in '/home/cheriet/tbot3_ws/src/tbot3_nav_monitor': DEBUGINFOD_URLS=https://debuginfod.ubuntu.com PYTHONPATH=/home/cheriet/tbot3_ws/build/tbot3_nav_monitor/prefix_override:/usr/lib/python3/dist-packages/colcon_core/task/python/colcon_distutils_commands:/home/cheriet/tbot3_ws/install/tbot3_nav_monitor/lib/python3.12/site-packages:${PYTHONPATH} /usr/bin/python3 -W ignore:setup.py install is deprecated -W ignore:easy_install command is deprecated setup.py egg_info --egg-base ../../build/tbot3_nav_monitor build --build-base /home/cheriet/tbot3_ws/build/tbot3_nav_monitor/build install --record /home/cheriet/tbot3_ws/build/tbot3_nav_monitor/install.log --single-version-externally-managed install_data
[4.570s] running egg_info
[4.652s] writing ../../build/tbot3_nav_monitor/tbot3_nav_monitor.egg-info/PKG-INFO
[4.653s] writing dependency_links to ../../build/tbot3_nav_monitor/tbot3_nav_monitor.egg-info/dependency_links.txt
[4.654s] writing entry points to ../../build/tbot3_nav_monitor/tbot3_nav_monitor.egg-info/entry_points.txt
[4.654s] writing requirements to ../../build/tbot3_nav_monitor/tbot3_nav_monitor.egg-info/requires.txt
[4.655s] writing top-level names to ../../build/tbot3_nav_monitor/tbot3_nav_monitor.egg-info/top_level.txt
[4.844s] reading manifest file '../../build/tbot3_nav_monitor/tbot3_nav_monitor.egg-info/SOURCES.txt'
[4.847s] writing manifest file '../../build/tbot3_nav_monitor/tbot3_nav_monitor.egg-info/SOURCES.txt'
[4.849s] running build
[4.849s] running build_py
[4.850s] copying tbot3_nav_monitor/monitor_node.py -> /home/cheriet/tbot3_ws/build/tbot3_nav_monitor/build/lib/tbot3_nav_monitor
[4.851s] running install
[4.873s] running install_lib
[4.956s] copying /home/cheriet/tbot3_ws/build/tbot3_nav_monitor/build/lib/tbot3_nav_monitor/monitor_node.py -> /home/cheriet/tbot3_ws/install/tbot3_nav_monitor/lib/python3.12/site-packages/tbot3_nav_monitor
[4.960s] byte-compiling /home/cheriet/tbot3_ws/install/tbot3_nav_monitor/lib/python3.12/site-packages/tbot3_nav_monitor/monitor_node.py to monitor_node.cpython-312.pyc
[4.963s] running install_data
[4.963s] running install_egg_info
[5.048s] removing '/home/cheriet/tbot3_ws/install/tbot3_nav_monitor/lib/python3.12/site-packages/tbot3_nav_monitor-0.0.0-py3.12.egg-info' (and everything under it)
[5.048s] Copying ../../build/tbot3_nav_monitor/tbot3_nav_monitor.egg-info to /home/cheriet/tbot3_ws/install/tbot3_nav_monitor/lib/python3.12/site-packages/tbot3_nav_monitor-0.0.0-py3.12.egg-info
[5.049s] running install_scripts
[5.548s] Installing monitor_node script to /home/cheriet/tbot3_ws/install/tbot3_nav_monitor/lib/tbot3_nav_monitor
[5.549s] writing list of installed files to '/home/cheriet/tbot3_ws/build/tbot3_nav_monitor/install.log'
[5.629s] Invoked command in '/home/cheriet/tbot3_ws/src/tbot3_nav_monitor' returned '0': DEBUGINFOD_URLS=https://debuginfod.ubuntu.com PYTHONPATH=/home/cheriet/tbot3_ws/build/tbot3_nav_monitor/prefix_override:/usr/lib/python3/dist-packages/colcon_core/task/python/colcon_distutils_commands:/home/cheriet/tbot3_ws/install/tbot3_nav_monitor/lib/python3.12/site-packages:${PYTHONPATH} /usr/bin/python3 -W ignore:setup.py install is deprecated -W ignore:easy_install command is deprecated setup.py egg_info --egg-base ../../build/tbot3_nav_monitor build --build-base /home/cheriet/tbot3_ws/build/tbot3_nav_monitor/build install --record /home/cheriet/tbot3_ws/build/tbot3_nav_monitor/install.log --single-version-externally-managed install_data
