running egg_info
writing ../../build/tbot3_nav_monitor/tbot3_nav_monitor.egg-info/PKG-INFO
writing dependency_links to ../../build/tbot3_nav_monitor/tbot3_nav_monitor.egg-info/dependency_links.txt
writing entry points to ../../build/tbot3_nav_monitor/tbot3_nav_monitor.egg-info/entry_points.txt
writing requirements to ../../build/tbot3_nav_monitor/tbot3_nav_monitor.egg-info/requires.txt
writing top-level names to ../../build/tbot3_nav_monitor/tbot3_nav_monitor.egg-info/top_level.txt
reading manifest file '../../build/tbot3_nav_monitor/tbot3_nav_monitor.egg-info/SOURCES.txt'
writing manifest file '../../build/tbot3_nav_monitor/tbot3_nav_monitor.egg-info/SOURCES.txt'
running build
running build_py
copying tbot3_nav_monitor/monitor_node.py -> /home/cheriet/tbot3_ws/build/tbot3_nav_monitor/build/lib/tbot3_nav_monitor
running install
running install_lib
copying /home/cheriet/tbot3_ws/build/tbot3_nav_monitor/build/lib/tbot3_nav_monitor/monitor_node.py -> /home/cheriet/tbot3_ws/install/tbot3_nav_monitor/lib/python3.12/site-packages/tbot3_nav_monitor
byte-compiling /home/cheriet/tbot3_ws/install/tbot3_nav_monitor/lib/python3.12/site-packages/tbot3_nav_monitor/monitor_node.py to monitor_node.cpython-312.pyc
running install_data
running install_egg_info
removing '/home/cheriet/tbot3_ws/install/tbot3_nav_monitor/lib/python3.12/site-packages/tbot3_nav_monitor-0.0.0-py3.12.egg-info' (and everything under it)
Copying ../../build/tbot3_nav_monitor/tbot3_nav_monitor.egg-info to /home/cheriet/tbot3_ws/install/tbot3_nav_monitor/lib/python3.12/site-packages/tbot3_nav_monitor-0.0.0-py3.12.egg-info
running install_scripts
Installing monitor_node script to /home/cheriet/tbot3_ws/install/tbot3_nav_monitor/lib/tbot3_nav_monitor
writing list of installed files to '/home/cheriet/tbot3_ws/build/tbot3_nav_monitor/install.log'
