[0.499s] DEBUG:colcon:Command line arguments: ['/usr/bin/colcon', 'build']
[0.500s] DEBUG:colcon:Parsed command line arguments: Namespace(log_base=None, log_level=None, verb_name='build', build_base='build', install_base='install', merge_install=False, symlink_install=False, test_result_base=None, continue_on_error=False, executor='parallel', parallel_workers=8, event_handlers=None, ignore_user_meta=False, metas=['./colcon.meta'], base_paths=['.'], packages_ignore=None, packages_ignore_regex=None, paths=None, packages_up_to=None, packages_up_to_regex=None, packages_above=None, packages_above_and_dependencies=None, packages_above_depth=None, packages_select_by_dep=None, packages_skip_by_dep=None, packages_skip_up_to=None, packages_select_build_failed=False, packages_skip_build_finished=False, packages_select_test_failures=False, packages_skip_test_passed=False, packages_select=None, packages_skip=None, packages_select_regex=None, packages_skip_regex=None, packages_start=None, packages_end=None, allow_overriding=[], cmake_args=None, cmake_target=None, cmake_target_skip_unavailable=False, cmake_clean_cache=False, cmake_clean_first=False, cmake_force_configure=False, ament_cmake_args=None, catkin_cmake_args=None, catkin_skip_building_tests=False, verb_parser=<colcon_defaults.argument_parser.defaults.DefaultArgumentsDecorator object at 0x71a9ce08b710>, verb_extension=<colcon_core.verb.build.BuildVerb object at 0x71a9ce1dc230>, main=<bound method BuildVerb.main of <colcon_core.verb.build.BuildVerb object at 0x71a9ce1dc230>>)
[0.646s] Level 1:colcon.colcon_core.package_discovery:discover_packages(colcon_meta) check parameters
[0.647s] Level 1:colcon.colcon_core.package_discovery:discover_packages(recursive) check parameters
[0.647s] Level 1:colcon.colcon_core.package_discovery:discover_packages(ignore) check parameters
[0.647s] Level 1:colcon.colcon_core.package_discovery:discover_packages(path) check parameters
[0.647s] Level 1:colcon.colcon_core.package_discovery:discover_packages(colcon_meta) discover
[0.647s] Level 1:colcon.colcon_core.package_discovery:discover_packages(recursive) discover
[0.647s] INFO:colcon.colcon_core.package_discovery:Crawling recursively for packages in '/home/cheriet/tbot3_ws'
[0.648s] Level 1:colcon.colcon_core.package_identification:_identify(.) by extensions ['ignore', 'ignore_ament_install']
[0.648s] Level 1:colcon.colcon_core.package_identification:_identify(.) by extension 'ignore'
[0.648s] Level 1:colcon.colcon_core.package_identification:_identify(.) by extension 'ignore_ament_install'
[0.648s] Level 1:colcon.colcon_core.package_identification:_identify(.) by extensions ['colcon_pkg']
[0.649s] Level 1:colcon.colcon_core.package_identification:_identify(.) by extension 'colcon_pkg'
[0.649s] Level 1:colcon.colcon_core.package_identification:_identify(.) by extensions ['colcon_meta']
[0.649s] Level 1:colcon.colcon_core.package_identification:_identify(.) by extension 'colcon_meta'
[0.650s] Level 1:colcon.colcon_core.package_identification:_identify(.) by extensions ['ros']
[0.650s] Level 1:colcon.colcon_core.package_identification:_identify(.) by extension 'ros'
[0.754s] Level 1:colcon.colcon_core.package_identification:_identify(.) by extensions ['cmake', 'python']
[0.754s] Level 1:colcon.colcon_core.package_identification:_identify(.) by extension 'cmake'
[0.754s] Level 1:colcon.colcon_core.package_identification:_identify(.) by extension 'python'
[0.754s] Level 1:colcon.colcon_core.package_identification:_identify(.) by extensions ['python_setup_py']
[0.755s] Level 1:colcon.colcon_core.package_identification:_identify(.) by extension 'python_setup_py'
[0.755s] Level 1:colcon.colcon_core.package_identification:_identify(build) by extensions ['ignore', 'ignore_ament_install']
[0.755s] Level 1:colcon.colcon_core.package_identification:_identify(build) by extension 'ignore'
[0.755s] Level 1:colcon.colcon_core.package_identification:_identify(build) ignored
[0.756s] Level 1:colcon.colcon_core.package_identification:_identify(install) by extensions ['ignore', 'ignore_ament_install']
[0.756s] Level 1:colcon.colcon_core.package_identification:_identify(install) by extension 'ignore'
[0.756s] Level 1:colcon.colcon_core.package_identification:_identify(install) ignored
[0.756s] Level 1:colcon.colcon_core.package_identification:_identify(log) by extensions ['ignore', 'ignore_ament_install']
[0.757s] Level 1:colcon.colcon_core.package_identification:_identify(log) by extension 'ignore'
[0.757s] Level 1:colcon.colcon_core.package_identification:_identify(log) ignored
[0.757s] Level 1:colcon.colcon_core.package_identification:_identify(src) by extensions ['ignore', 'ignore_ament_install']
[0.757s] Level 1:colcon.colcon_core.package_identification:_identify(src) by extension 'ignore'
[0.757s] Level 1:colcon.colcon_core.package_identification:_identify(src) by extension 'ignore_ament_install'
[0.758s] Level 1:colcon.colcon_core.package_identification:_identify(src) by extensions ['colcon_pkg']
[0.758s] Level 1:colcon.colcon_core.package_identification:_identify(src) by extension 'colcon_pkg'
[0.758s] Level 1:colcon.colcon_core.package_identification:_identify(src) by extensions ['colcon_meta']
[0.758s] Level 1:colcon.colcon_core.package_identification:_identify(src) by extension 'colcon_meta'
[0.758s] Level 1:colcon.colcon_core.package_identification:_identify(src) by extensions ['ros']
[0.758s] Level 1:colcon.colcon_core.package_identification:_identify(src) by extension 'ros'
[0.758s] Level 1:colcon.colcon_core.package_identification:_identify(src) by extensions ['cmake', 'python']
[0.758s] Level 1:colcon.colcon_core.package_identification:_identify(src) by extension 'cmake'
[0.758s] Level 1:colcon.colcon_core.package_identification:_identify(src) by extension 'python'
[0.759s] Level 1:colcon.colcon_core.package_identification:_identify(src) by extensions ['python_setup_py']
[0.759s] Level 1:colcon.colcon_core.package_identification:_identify(src) by extension 'python_setup_py'
[0.759s] Level 1:colcon.colcon_core.package_identification:_identify(src/tbot3_nav_monitor) by extensions ['ignore', 'ignore_ament_install']
[0.759s] Level 1:colcon.colcon_core.package_identification:_identify(src/tbot3_nav_monitor) by extension 'ignore'
[0.759s] Level 1:colcon.colcon_core.package_identification:_identify(src/tbot3_nav_monitor) by extension 'ignore_ament_install'
[0.760s] Level 1:colcon.colcon_core.package_identification:_identify(src/tbot3_nav_monitor) by extensions ['colcon_pkg']
[0.760s] Level 1:colcon.colcon_core.package_identification:_identify(src/tbot3_nav_monitor) by extension 'colcon_pkg'
[0.760s] Level 1:colcon.colcon_core.package_identification:_identify(src/tbot3_nav_monitor) by extensions ['colcon_meta']
[0.760s] Level 1:colcon.colcon_core.package_identification:_identify(src/tbot3_nav_monitor) by extension 'colcon_meta'
[0.760s] Level 1:colcon.colcon_core.package_identification:_identify(src/tbot3_nav_monitor) by extensions ['ros']
[0.760s] Level 1:colcon.colcon_core.package_identification:_identify(src/tbot3_nav_monitor) by extension 'ros'
[0.768s] DEBUG:colcon.colcon_core.package_identification:Package 'src/tbot3_nav_monitor' with type 'ros.ament_python' and name 'tbot3_nav_monitor'
[0.769s] Level 1:colcon.colcon_core.package_discovery:discover_packages(recursive) using defaults
[0.769s] Level 1:colcon.colcon_core.package_discovery:discover_packages(ignore) discover
[0.769s] Level 1:colcon.colcon_core.package_discovery:discover_packages(ignore) using defaults
[0.769s] Level 1:colcon.colcon_core.package_discovery:discover_packages(path) discover
[0.769s] Level 1:colcon.colcon_core.package_discovery:discover_packages(path) using defaults
[0.830s] Level 1:colcon.colcon_core.package_discovery:discover_packages(prefix_path) check parameters
[0.830s] Level 1:colcon.colcon_core.package_discovery:discover_packages(prefix_path) discover
[0.837s] DEBUG:colcon.colcon_installed_package_information.package_discovery:Found 1 installed packages in /home/cheriet/tbot3_ws/install
[0.838s] DEBUG:colcon.colcon_installed_package_information.package_discovery:Found 3 installed packages in /home/cheriet/ros2_ws/install
[0.850s] DEBUG:colcon.colcon_installed_package_information.package_discovery:Found 493 installed packages in /opt/ros/jazzy
[0.856s] Level 1:colcon.colcon_core.package_discovery:discover_packages(prefix_path) using defaults
[1.178s] Level 5:colcon.colcon_core.verb:set package 'tbot3_nav_monitor' build argument 'cmake_args' from command line to 'None'
[1.178s] Level 5:colcon.colcon_core.verb:set package 'tbot3_nav_monitor' build argument 'cmake_target' from command line to 'None'
[1.178s] Level 5:colcon.colcon_core.verb:set package 'tbot3_nav_monitor' build argument 'cmake_target_skip_unavailable' from command line to 'False'
[1.178s] Level 5:colcon.colcon_core.verb:set package 'tbot3_nav_monitor' build argument 'cmake_clean_cache' from command line to 'False'
[1.179s] Level 5:colcon.colcon_core.verb:set package 'tbot3_nav_monitor' build argument 'cmake_clean_first' from command line to 'False'
[1.179s] Level 5:colcon.colcon_core.verb:set package 'tbot3_nav_monitor' build argument 'cmake_force_configure' from command line to 'False'
[1.179s] Level 5:colcon.colcon_core.verb:set package 'tbot3_nav_monitor' build argument 'ament_cmake_args' from command line to 'None'
[1.179s] Level 5:colcon.colcon_core.verb:set package 'tbot3_nav_monitor' build argument 'catkin_cmake_args' from command line to 'None'
[1.179s] Level 5:colcon.colcon_core.verb:set package 'tbot3_nav_monitor' build argument 'catkin_skip_building_tests' from command line to 'False'
[1.179s] DEBUG:colcon.colcon_core.verb:Building package 'tbot3_nav_monitor' with the following arguments: {'ament_cmake_args': None, 'build_base': '/home/cheriet/tbot3_ws/build/tbot3_nav_monitor', 'catkin_cmake_args': None, 'catkin_skip_building_tests': False, 'cmake_args': None, 'cmake_clean_cache': False, 'cmake_clean_first': False, 'cmake_force_configure': False, 'cmake_target': None, 'cmake_target_skip_unavailable': False, 'install_base': '/home/cheriet/tbot3_ws/install/tbot3_nav_monitor', 'merge_install': False, 'path': '/home/cheriet/tbot3_ws/src/tbot3_nav_monitor', 'symlink_install': False, 'test_result_base': None}
[1.180s] INFO:colcon.colcon_core.executor:Executing jobs using 'parallel' executor
[1.182s] DEBUG:colcon.colcon_parallel_executor.executor.parallel:run_until_complete
[1.183s] INFO:colcon.colcon_ros.task.ament_python.build:Building ROS package in '/home/cheriet/tbot3_ws/src/tbot3_nav_monitor' with build type 'ament_python'
[1.184s] Level 1:colcon.colcon_core.shell:create_environment_hook('tbot3_nav_monitor', 'ament_prefix_path')
[1.197s] INFO:colcon.colcon_core.plugin_system:Skipping extension 'colcon_core.shell.bat': Not used on non-Windows systems
[1.197s] INFO:colcon.colcon_core.shell:Creating environment hook '/home/cheriet/tbot3_ws/install/tbot3_nav_monitor/share/tbot3_nav_monitor/hook/ament_prefix_path.ps1'
[1.199s] INFO:colcon.colcon_core.shell:Creating environment descriptor '/home/cheriet/tbot3_ws/install/tbot3_nav_monitor/share/tbot3_nav_monitor/hook/ament_prefix_path.dsv'
[1.201s] INFO:colcon.colcon_core.shell:Creating environment hook '/home/cheriet/tbot3_ws/install/tbot3_nav_monitor/share/tbot3_nav_monitor/hook/ament_prefix_path.sh'
[1.203s] INFO:colcon.colcon_core.shell:Skip shell extension 'powershell' for command environment: Not usable outside of PowerShell
[1.203s] DEBUG:colcon.colcon_core.shell:Skip shell extension 'dsv' for command environment
[2.354s] INFO:colcon.colcon_core.task.python.build:Building Python package in '/home/cheriet/tbot3_ws/src/tbot3_nav_monitor'
[2.354s] INFO:colcon.colcon_core.shell:Skip shell extension 'powershell' for command environment: Not usable outside of PowerShell
[2.355s] DEBUG:colcon.colcon_core.shell:Skip shell extension 'dsv' for command environment
[5.549s] DEBUG:colcon.colcon_core.event_handler.log_command:Invoking command in '/home/cheriet/tbot3_ws/src/tbot3_nav_monitor': DEBUGINFOD_URLS=https://debuginfod.ubuntu.com PYTHONPATH=/home/cheriet/tbot3_ws/build/tbot3_nav_monitor/prefix_override:/usr/lib/python3/dist-packages/colcon_core/task/python/colcon_distutils_commands:/home/cheriet/tbot3_ws/install/tbot3_nav_monitor/lib/python3.12/site-packages:${PYTHONPATH} /usr/bin/python3 -W ignore:setup.py install is deprecated -W ignore:easy_install command is deprecated setup.py egg_info --egg-base ../../build/tbot3_nav_monitor build --build-base /home/cheriet/tbot3_ws/build/tbot3_nav_monitor/build install --record /home/cheriet/tbot3_ws/build/tbot3_nav_monitor/install.log --single-version-externally-managed install_data
[8.506s] DEBUG:colcon.colcon_core.event_handler.log_command:Invoked command in '/home/cheriet/tbot3_ws/src/tbot3_nav_monitor' returned '0': DEBUGINFOD_URLS=https://debuginfod.ubuntu.com PYTHONPATH=/home/cheriet/tbot3_ws/build/tbot3_nav_monitor/prefix_override:/usr/lib/python3/dist-packages/colcon_core/task/python/colcon_distutils_commands:/home/cheriet/tbot3_ws/install/tbot3_nav_monitor/lib/python3.12/site-packages:${PYTHONPATH} /usr/bin/python3 -W ignore:setup.py install is deprecated -W ignore:easy_install command is deprecated setup.py egg_info --egg-base ../../build/tbot3_nav_monitor build --build-base /home/cheriet/tbot3_ws/build/tbot3_nav_monitor/build install --record /home/cheriet/tbot3_ws/build/tbot3_nav_monitor/install.log --single-version-externally-managed install_data
[8.513s] Level 1:colcon.colcon_core.environment:checking '/home/cheriet/tbot3_ws/install/tbot3_nav_monitor' for CMake module files
[8.515s] Level 1:colcon.colcon_core.environment:checking '/home/cheriet/tbot3_ws/install/tbot3_nav_monitor' for CMake config files
[8.517s] Level 1:colcon.colcon_core.environment:checking '/home/cheriet/tbot3_ws/install/tbot3_nav_monitor/lib'
[8.518s] Level 1:colcon.colcon_core.environment:checking '/home/cheriet/tbot3_ws/install/tbot3_nav_monitor/bin'
[8.518s] Level 1:colcon.colcon_core.environment:checking '/home/cheriet/tbot3_ws/install/tbot3_nav_monitor/lib/pkgconfig/tbot3_nav_monitor.pc'
[8.519s] Level 1:colcon.colcon_core.environment:checking '/home/cheriet/tbot3_ws/install/tbot3_nav_monitor/lib/python3.12/site-packages'
[8.520s] Level 1:colcon.colcon_core.shell:create_environment_hook('tbot3_nav_monitor', 'pythonpath')
[8.520s] INFO:colcon.colcon_core.shell:Creating environment hook '/home/cheriet/tbot3_ws/install/tbot3_nav_monitor/share/tbot3_nav_monitor/hook/pythonpath.ps1'
[8.522s] INFO:colcon.colcon_core.shell:Creating environment descriptor '/home/cheriet/tbot3_ws/install/tbot3_nav_monitor/share/tbot3_nav_monitor/hook/pythonpath.dsv'
[8.524s] INFO:colcon.colcon_core.shell:Creating environment hook '/home/cheriet/tbot3_ws/install/tbot3_nav_monitor/share/tbot3_nav_monitor/hook/pythonpath.sh'
[8.528s] Level 1:colcon.colcon_core.environment:checking '/home/cheriet/tbot3_ws/install/tbot3_nav_monitor/bin'
[8.529s] Level 1:colcon.colcon_core.environment:create_environment_scripts_only(tbot3_nav_monitor)
[8.530s] INFO:colcon.colcon_core.shell:Creating package script '/home/cheriet/tbot3_ws/install/tbot3_nav_monitor/share/tbot3_nav_monitor/package.ps1'
[8.533s] INFO:colcon.colcon_core.shell:Creating package descriptor '/home/cheriet/tbot3_ws/install/tbot3_nav_monitor/share/tbot3_nav_monitor/package.dsv'
[8.535s] INFO:colcon.colcon_core.shell:Creating package script '/home/cheriet/tbot3_ws/install/tbot3_nav_monitor/share/tbot3_nav_monitor/package.sh'
[8.538s] INFO:colcon.colcon_core.shell:Creating package script '/home/cheriet/tbot3_ws/install/tbot3_nav_monitor/share/tbot3_nav_monitor/package.bash'
[8.543s] INFO:colcon.colcon_core.shell:Creating package script '/home/cheriet/tbot3_ws/install/tbot3_nav_monitor/share/tbot3_nav_monitor/package.zsh'
[8.546s] Level 1:colcon.colcon_core.environment:create_file_with_runtime_dependencies(/home/cheriet/tbot3_ws/install/tbot3_nav_monitor/share/colcon-core/packages/tbot3_nav_monitor)
[8.547s] DEBUG:colcon.colcon_parallel_executor.executor.parallel:closing loop
[8.548s] DEBUG:colcon.colcon_parallel_executor.executor.parallel:loop closed
[8.548s] DEBUG:colcon.colcon_parallel_executor.executor.parallel:run_until_complete finished with '0'
[8.548s] DEBUG:colcon.colcon_core.event_reactor:joining thread
[8.597s] INFO:colcon.colcon_core.plugin_system:Skipping extension 'colcon_notification.desktop_notification.terminal_notifier': Not used on non-Darwin systems
[8.597s] INFO:colcon.colcon_core.plugin_system:Skipping extension 'colcon_notification.desktop_notification.win32': Not used on non-Windows systems
[8.597s] INFO:colcon.colcon_notification.desktop_notification:Sending desktop notification using 'notify2'
[8.654s] DEBUG:colcon.colcon_core.event_reactor:joined thread
[8.658s] INFO:colcon.colcon_core.shell:Creating prefix script '/home/cheriet/tbot3_ws/install/local_setup.ps1'
[8.664s] INFO:colcon.colcon_core.shell:Creating prefix util module '/home/cheriet/tbot3_ws/install/_local_setup_util_ps1.py'
[8.673s] INFO:colcon.colcon_core.shell:Creating prefix chain script '/home/cheriet/tbot3_ws/install/setup.ps1'
[8.680s] INFO:colcon.colcon_core.shell:Creating prefix script '/home/cheriet/tbot3_ws/install/local_setup.sh'
[8.682s] INFO:colcon.colcon_core.shell:Creating prefix util module '/home/cheriet/tbot3_ws/install/_local_setup_util_sh.py'
[8.685s] INFO:colcon.colcon_core.shell:Creating prefix chain script '/home/cheriet/tbot3_ws/install/setup.sh'
[8.696s] INFO:colcon.colcon_core.shell:Creating prefix script '/home/cheriet/tbot3_ws/install/local_setup.bash'
[8.697s] INFO:colcon.colcon_core.shell:Creating prefix chain script '/home/cheriet/tbot3_ws/install/setup.bash'
[8.703s] INFO:colcon.colcon_core.shell:Creating prefix script '/home/cheriet/tbot3_ws/install/local_setup.zsh'
[8.705s] INFO:colcon.colcon_core.shell:Creating prefix chain script '/home/cheriet/tbot3_ws/install/setup.zsh'
