[2.933s] Invoking command in '/home/cheriet/tbot3_ws/src/tbot3_nav_monitor': DEBUGINFOD_URLS=https://debuginfod.ubuntu.com PYTHONPATH=/home/cheriet/tbot3_ws/build/tbot3_nav_monitor/prefix_override:/usr/lib/python3/dist-packages/colcon_core/task/python/colcon_distutils_commands:/home/cheriet/tbot3_ws/install/tbot3_nav_monitor/lib/python3.12/site-packages:${PYTHONPATH} /usr/bin/python3 -W ignore:setup.py install is deprecated -W ignore:easy_install command is deprecated setup.py egg_info --egg-base ../../build/tbot3_nav_monitor build --build-base /home/cheriet/tbot3_ws/build/tbot3_nav_monitor/build install --record /home/cheriet/tbot3_ws/build/tbot3_nav_monitor/install.log --single-version-externally-managed install_data
[3.902s] running egg_info
[3.986s] writing ../../build/tbot3_nav_monitor/tbot3_nav_monitor.egg-info/PKG-INFO
[3.986s] writing dependency_links to ../../build/tbot3_nav_monitor/tbot3_nav_monitor.egg-info/dependency_links.txt
[3.987s] writing entry points to ../../build/tbot3_nav_monitor/tbot3_nav_monitor.egg-info/entry_points.txt
[3.988s] writing requirements to ../../build/tbot3_nav_monitor/tbot3_nav_monitor.egg-info/requires.txt
[3.989s] writing top-level names to ../../build/tbot3_nav_monitor/tbot3_nav_monitor.egg-info/top_level.txt
[4.188s] reading manifest file '../../build/tbot3_nav_monitor/tbot3_nav_monitor.egg-info/SOURCES.txt'
[4.190s] writing manifest file '../../build/tbot3_nav_monitor/tbot3_nav_monitor.egg-info/SOURCES.txt'
[4.190s] running build
[4.190s] running build_py
[4.191s] copying tbot3_nav_monitor/monitor_node.py -> /home/cheriet/tbot3_ws/build/tbot3_nav_monitor/build/lib/tbot3_nav_monitor
[4.191s] running install
[4.215s] running install_lib
[4.326s] copying /home/cheriet/tbot3_ws/build/tbot3_nav_monitor/build/lib/tbot3_nav_monitor/monitor_node.py -> /home/cheriet/tbot3_ws/install/tbot3_nav_monitor/lib/python3.12/site-packages/tbot3_nav_monitor
[4.328s] byte-compiling /home/cheriet/tbot3_ws/install/tbot3_nav_monitor/lib/python3.12/site-packages/tbot3_nav_monitor/monitor_node.py to monitor_node.cpython-312.pyc
[4.332s] running install_data
[4.334s] running install_egg_info
[4.419s] removing '/home/cheriet/tbot3_ws/install/tbot3_nav_monitor/lib/python3.12/site-packages/tbot3_nav_monitor-0.0.0-py3.12.egg-info' (and everything under it)
[4.420s] Copying ../../build/tbot3_nav_monitor/tbot3_nav_monitor.egg-info to /home/cheriet/tbot3_ws/install/tbot3_nav_monitor/lib/python3.12/site-packages/tbot3_nav_monitor-0.0.0-py3.12.egg-info
[4.425s] running install_scripts
[4.976s] Installing monitor_node script to /home/cheriet/tbot3_ws/install/tbot3_nav_monitor/lib/tbot3_nav_monitor
[4.976s] writing list of installed files to '/home/cheriet/tbot3_ws/build/tbot3_nav_monitor/install.log'
[5.069s] Invoked command in '/home/cheriet/tbot3_ws/src/tbot3_nav_monitor' returned '0': DEBUGINFOD_URLS=https://debuginfod.ubuntu.com PYTHONPATH=/home/cheriet/tbot3_ws/build/tbot3_nav_monitor/prefix_override:/usr/lib/python3/dist-packages/colcon_core/task/python/colcon_distutils_commands:/home/cheriet/tbot3_ws/install/tbot3_nav_monitor/lib/python3.12/site-packages:${PYTHONPATH} /usr/bin/python3 -W ignore:setup.py install is deprecated -W ignore:easy_install command is deprecated setup.py egg_info --egg-base ../../build/tbot3_nav_monitor build --build-base /home/cheriet/tbot3_ws/build/tbot3_nav_monitor/build install --record /home/cheriet/tbot3_ws/build/tbot3_nav_monitor/install.log --single-version-externally-managed install_data
